<?xml version="1.0" encoding="utf-8"?><testsuites name="pytest tests"><testsuite name="pytest" errors="0" failures="0" skipped="0" tests="3" time="0.079" timestamp="2026-09-14T08:19:06.735041+00:00" hostname="6fcf5d95cba7"><testcase classname="tests.test_2019_2_pipeline" name="test_2019_2_markdown_docs" time="0.001" /><testcase classname="tests.test_2022_2_explanations_assembly" name="test_2022_2_docs_exist" time="0.000" /><testcase classname="tests.test_2024_explanations_assembly" name="test_2024_docs_exist" time="0.000" /></testsuite></testsuites>