<?xml version="1.0" encoding="utf-8"?><testsuites name="pytest tests"><testsuite name="pytest" errors="0" failures="0" skipped="0" tests="105" time="64.669" timestamp="2026-09-08T00:36:07.952486+00:00" hostname="6fcf5d95cba7"><testcase classname="tests.test_answers" name="test_variable_choice_and_digit_grid_preserve_tokens" time="0.001" /><testcase classname="tests.test_answers" name="test_answer_parser_rejects_duplicate_and_misaligned_digits" time="0.000" /><testcase classname="tests.test_assemble_publish" name="test_assemble_publish_and_server_side_grading" time="0.069" /><testcase classname="tests.test_assemble_publish" name="test_private_source_cannot_be_publicly_published" time="0.002" /><testcase classname="tests.test_assets_audio" name="test_asset_store" time="0.003" /><testcase classname="tests.test_assets_audio" name="test_clip_figure_from_pdf" time="0.079" /><testcase classname="tests.test_assets_audio" name="test_parse_range_header" time="0.000" /><testcase classname="tests.test_assets_audio" name="test_validate_audio_cues" time="0.000" /><testcase classname="tests.test_assets_audio" name="test_probe_audio_rejects_corrupted_or_fake_file" time="0.055" /><testcase classname="tests.test_assets_audio" name="test_crop_origin_matches_migrated_schema_and_survives_reopen" time="0.105" /><testcase classname="tests.test_assets_audio" name="test_asset_write_cannot_escape_via_symlink" time="0.001" /><testcase classname="tests.test_assets_audio" name="test_audio_cues_reject_boolean_times_and_do_not_mutate_input" time="0.000" /><testcase classname="tests.test_backup_migrations" name="test_legacy_migration_preserves_answers_and_results" time="0.029" /><testcase classname="tests.test_backup_migrations" name="test_failed_migration_rolls_back_every_change" time="0.021" /><testcase classname="tests.test_backup_migrations" name="test_wal_backup_restores_committed_rows" time="0.083" /><testcase classname="tests.test_backup_migrations" name="test_bad_backup_never_overwrites_target" time="0.002" /><testcase classname="tests.test_backup_migrations" name="test_media_reference_missing_rejects_backup" time="0.057" /><testcase classname="tests.test_browser_learning" name="test_save_reload_pause_submit_and_history" time="3.537" /><testcase classname="tests.test_browser_learning" name="test_offline_save_does_not_submit" time="2.881" /><testcase classname="tests.test_browser_learning" name="test_essay_pending_and_offline_math" time="4.074" /><testcase classname="tests.test_browser_learning" name="test_bookmark_note_collection_and_image_zoom" time="3.688" /><testcase classname="tests.test_browser_workflows" name="test_cross_tab_conflict_accept_remote_and_draft_isolation" time="3.921" /><testcase classname="tests.test_browser_workflows" name="test_navigation_stats_and_empty_essay" time="2.034" /><testcase classname="tests.test_browser_workflows" name="test_management_backup_job_and_diagnostics" time="6.621" /><testcase classname="tests.test_browser_workflows" name="test_narrow_screen_navigation_and_modal_keyboard" time="2.439" /><testcase classname="tests.test_content_issues" name="test_content_issue_lifecycle" time="0.104" /><testcase classname="tests.test_content_issues" name="test_content_issue_http_endpoints" time="0.589" /><testcase classname="tests.test_content_review" name="test_signed_pages_assemble_approve_publish_and_revoke" time="0.144" /><testcase classname="tests.test_content_review" name="test_page_signature_and_revision_cannot_be_faked" time="0.034" /><testcase classname="tests.test_content_review" name="test_withdraw_signature_records_reason_and_preserves_signed_revision" time="0.054" /><testcase classname="tests.test_content_review" name="test_source_structure_baseline_enforcement" time="0.078" /><testcase classname="tests.test_content_review" name="test_math_c1_c2_inventory_isolation" time="0.002" /><testcase classname="tests.test_content_review" name="test_release_rechecks_rights_and_source_hash_after_approval" time="0.081" /><testcase classname="tests.test_content_review" name="test_explicit_reviewed_partial_scope_does_not_claim_complete" time="0.096" /><testcase classname="tests.test_content_review" name="test_partial_scope_rejects_invalid_values_without_signing[pages-value0]" time="0.027" /><testcase classname="tests.test_content_review" name="test_partial_scope_rejects_invalid_values_without_signing[pages-value1]" time="0.028" /><testcase classname="tests.test_content_review" name="test_partial_scope_rejects_invalid_values_without_signing[forms-value2]" time="0.028" /><testcase classname="tests.test_content_review" name="test_partial_scope_rejects_invalid_values_without_signing[forms-value3]" time="0.029" /><testcase classname="tests.test_inventory_cli" name="test_inventory_status_summary" time="0.002" /><testcase classname="tests.test_inventory_cli" name="test_cli_subcommands" time="0.712" /><testcase classname="tests.test_jobs" name="test_job_manager_lifecycle" time="0.031" /><testcase classname="tests.test_jobs" name="test_job_http_endpoints" time="1.719" /><testcase classname="tests.test_jobs" name="test_queued_cancellation_and_lease_recovery" time="0.047" /><testcase classname="tests.test_learning_collections" name="test_collection_pins_multiple_sources_and_keeps_material_group" time="0.158" /><testcase classname="tests.test_learning_collections" name="test_notes_bookmarks_wrong_retry_and_schedule" time="0.064" /><testcase classname="tests.test_management_browser" name="test_import_render_and_backup_from_management_ui" time="16.549" /><testcase classname="tests.test_management_browser" name="test_practice_audio_stops_at_cue_end_and_restores_position" time="2.674" /><testcase classname="tests.test_ocr_pipeline" name="test_extract_is_resumable" time="0.020" /><testcase classname="tests.test_ocr_pipeline" name="test_compute_ocr_cache_key" time="0.001" /><testcase classname="tests.test_ocr_pipeline" name="test_extract_with_pages_filter_and_db" time="0.042" /><testcase classname="tests.test_ocr_pipeline" name="test_extract_retry_failed" time="0.014" /><testcase classname="tests.test_ocr_pipeline" name="test_cache_sidecar_does_not_become_a_page" time="0.005" /><testcase classname="tests.test_ocr_pipeline" name="test_stale_render_and_wrong_model_page_are_rejected" time="0.007" /><testcase classname="tests.test_ops" name="test_run_doctor" time="0.002" /><testcase classname="tests.test_ops" name="test_check_database" time="0.015" /><testcase classname="tests.test_ops" name="test_backup_create_verify_restore" time="0.042" /><testcase classname="tests.test_page_contract" name="test_page_contract_accepts_variable_option_count" time="0.003" /><testcase classname="tests.test_page_contract" name="test_page_contract_fails_closed_on_coverage_and_bbox" time="0.002" /><testcase classname="tests.test_page_contract" name="test_page_contract_region_ids_exact_set_match" time="0.002" /><testcase classname="tests.test_real_2023_science_pdf" name="test_real_pdf_probe_and_representative_render" time="1.065" /><testcase classname="tests.test_remote_boundary" name="test_bad_remote_configuration_fails_before_binding" time="0.001" /><testcase classname="tests.test_remote_boundary" name="test_remote_api_requires_token_and_cookie_is_usable" time="0.532" /><testcase classname="tests.test_review_browser" name="test_review_from_page_to_publication_in_browser" time="3.543" /><testcase classname="tests.test_security" name="test_host_validation" time="0.001" /><testcase classname="tests.test_security" name="test_origin_validation" time="0.001" /><testcase classname="tests.test_security" name="test_admin_token" time="0.001" /><testcase classname="tests.test_security" name="test_zero_correct_answer_leakage" time="0.001" /><testcase classname="tests.test_selection_grading" name="test_science_mock_requires_two_and_excludes_japan_world" time="0.001" /><testcase classname="tests.test_selection_grading" name="test_digit_grid_is_exact_and_preserves_leading_zero" time="0.001" /><testcase classname="tests.test_server_v1" name="test_api_health" time="0.597" /><testcase classname="tests.test_server_v1" name="test_api_papers_and_sanitization" time="0.611" /><testcase classname="tests.test_server_v1" name="test_session_lifecycle" time="0.657" /><testcase classname="tests.test_server_v1" name="test_route_strictness_and_transfer_encoding" time="0.607" /><testcase classname="tests.test_session_reliability" name="test_unanswered_and_essay_denominators" time="0.042" /><testcase classname="tests.test_session_reliability" name="test_atomic_batch_receipts_and_versions" time="0.068" /><testcase classname="tests.test_session_reliability" name="test_version_pinned_result_and_restart" time="0.080" /><testcase classname="tests.test_session_reliability" name="test_concurrent_submit_is_idempotent" time="0.081" /><testcase classname="tests.test_session_reliability" name="test_every_publish_entry_checks_rights" time="0.043" /><testcase classname="tests.test_session_reliability" name="test_expired_session_auto_submit" time="0.051" /><testcase classname="tests.test_session_reliability" name="test_submit_expected_response_version_conflict" time="0.049" /><testcase classname="tests.test_trial_2023_science" name="test_published_2023_science_paper" time="0.002" /><testcase classname="tests.test_trial_2023_science" name="test_mock_session_trial" time="0.072" /><testcase classname="tests.test_workflow_acceptance" name="test_first_attempt_stats_skip_unanswered_exposures" time="0.066" /><testcase classname="tests.test_workflow_acceptance" name="test_preview_is_pinned_idempotent_and_rechecks_delivery" time="0.051" /><testcase classname="tests.test_workflow_acceptance" name="test_explanations_pin_at_submission_and_require_review" time="0.056" /><testcase classname="tests.test_workflow_acceptance" name="test_note_cas_and_assessment_never_changes_objective_score" time="0.062" /><testcase classname="tests.test_workflow_acceptance" name="test_http_cursor_and_job_input_boundaries" time="0.591" /><testcase classname="tests.test_workflow_acceptance" name="test_suspended_version_keeps_only_its_session_media" time="0.607" /><testcase classname="tests.test_workflow_acceptance" name="test_explanation_and_translation_have_independent_frozen_streams" time="0.097" /><testcase classname="tests.test_workflow_acceptance" name="test_issue_from_old_session_stays_bound_to_old_version" time="0.088" /><testcase classname="tests.test_workflow_completion" name="test_attempt_facts_first_repeat_unanswered_and_idempotence" time="0.055" /><testcase classname="tests.test_workflow_completion" name="test_preview_pins_old_version_and_receipt" time="0.079" /><testcase classname="tests.test_workflow_completion" name="test_note_conflict_and_progress_conflict" time="0.075" /><testcase classname="tests.test_workflow_completion" name="test_explanation_revision_is_frozen_at_submission" time="0.047" /><testcase classname="tests.test_workflow_completion" name="test_essay_empty_unicode_and_assessment_preserves_response" time="0.065" /><testcase classname="tests.test_workflow_completion" name="test_section_enforces_selected_question_scope" time="0.073" /><testcase classname="tests.test_workflow_completion" name="test_keyset_cursor_filters_and_no_answer_leaks" time="0.043" /><testcase classname="tests.test_workflow_completion" name="test_default_workspace_rejects_synthetic_and_unauthorized_admin" time="0.549" /><testcase classname="tests.test_workflow_completion" name="test_full_backup_restores_production_paths_and_history" time="0.085" /><testcase classname="tests.test_workflow_completion" name="test_strict_audio_only_exposes_current_segment_and_preserves_play_count" time="0.088" /><testcase classname="tests.test_workflow_completion" name="test_diagnostics_retention_and_personal_delete_are_scoped" time="0.088" /><testcase classname="tests.test_workflow_completion" name="test_rights_withdrawal_blocks_old_content_but_retains_history" time="0.046" /><testcase classname="tests.test_workflow_completion" name="test_published_media_and_stopped_bookmark_preview" time="0.048" /><testcase classname="tests.test_workflow_completion" name="test_foreground_time_is_not_doubled_across_sessions" time="0.050" /><testcase classname="tests.test_workflow_completion" name="test_session_question_pages_pin_version_and_cursor_scope" time="0.078" /></testsuite></testsuites>